<?xml version="1.0" encoding="UTF-8" ?>
<testsuites>
  <testsuite errors="1" failures="0" hostname="FCFZECUPLZL8DY2" id="0" name="Test" package="junit" skipped="0" tests="1" time="0.136" timestamp="2016-11-04T05:18:32">
      <properties>
[...]
</properties>

      <testcase classname="junit.Test" name="initializationError" time="0.008">
          <error message="No runnable methods" type="java.lang.Exception">java.lang.Exception: No runnable methods
	at java.lang.reflect.Constructor.newInstance(Constructor.java:526)
</error>

      </testcase>

      <system-out><![CDATA[]]></system-out>

      <system-err><![CDATA[]]></system-err>

  </testsuite>
  <testsuite errors="0" failures="0" hostname="FCFZECUPLZL8DY2" id="1" name="CalTest" package="test" skipped="0" tests="5" time="0.063" timestamp="2016-11-04T05:18:33">
      <properties>
[...]
</properties>

      <testcase classname="test.CalTest" name="TestSum" time="0.002" />

      <testcase classname="test.CalTest" name="TestTimeout2" time="0.0" />

      <testcase classname="test.CalTest" name="TestTimeout" time="0.0" />

      <testcase classname="test.CalTest" name="testAdd" time="0.0" />

      <testcase classname="test.CalTest" name="Testaddadd" time="0.0" />

      <system-out><![CDATA[]]></system-out>

      <system-err><![CDATA[]]></system-err>

  </testsuite>
  <testsuite errors="0" failures="1" hostname="FCFZECUPLZL8DY2" id="2" name="Categories_Test" package="test" skipped="0" tests="1" time="0.061" timestamp="2016-11-04T05:18:36">
      <properties>
[...]
</properties>

      <testcase classname="junit.test3" name="testxi" time="0.011">
          <failure message="expected:&lt;2&gt; but was:&lt;1&gt;" type="junit.framework.AssertionFailedError">junit.framework.AssertionFailedError: expected:&lt;2&gt; but was:&lt;1&gt;
	at junit.test3.testxi(test3.java:21)
</failure>

      </testcase>

      <system-out><![CDATA[]]></system-out>

      <system-err><![CDATA[]]></system-err>

  </testsuite>
  <testsuite errors="0" failures="0" hostname="FCFZECUPLZL8DY2" id="3" name="IfElseDemoTest" package="test" skipped="0" tests="1" time="0.462" timestamp="2016-11-04T05:18:38">
      <properties>
[...]
</properties>

      <testcase classname="test.IfElseDemoTest" name="testMain" time="0.001" />

      <system-out><![CDATA[]]></system-out>

      <system-err><![CDATA[]]></system-err>

  </testsuite>
</testsuites>
